#-----------------------------------------------------------
# Vivado v2016.4 (64-bit)
# SW Build 1756540 on Mon Jan 23 19:11:23 MST 2017
# IP Build 1755317 on Mon Jan 23 20:30:07 MST 2017
# Start of session at: Thu Apr 20 19:52:37 2017
# Process ID: 2312
# Current directory: C:/Users/Raynara Lima/Documents/Capitulo 2/ulateste
# Command line: vivado.exe -gui_launcher_event rodinguilauncherevent3744 C:\Users\Raynara Lima\Documents\Capitulo 2\ulateste\ulateste.xpr
# Log file: C:/Users/Raynara Lima/Documents/Capitulo 2/ulateste/vivado.log
# Journal file: C:/Users/Raynara Lima/Documents/Capitulo 2/ulateste\vivado.jou
#-----------------------------------------------------------
start_gui
open_project {C:/Users/Raynara Lima/Documents/Capitulo 2/ulateste/ulateste.xpr}
Scanning sources...
Finished scanning sources
INFO: [IP_Flow 19-234] Refreshing IP repositories
INFO: [IP_Flow 19-1704] No user IP repositories specified
INFO: [IP_Flow 19-2313] Loaded Vivado IP repository 'C:/Xilinx/Vivado/2016.4/data/ip'.
open_project: Time (s): cpu = 00:00:31 ; elapsed = 00:00:26 . Memory (MB): peak = 727.887 ; gain = 86.453
exit
INFO: [Common 17-206] Exiting Vivado at Thu Apr 20 19:57:17 2017...
