#-----------------------------------------------------------
# Vivado v2016.4 (64-bit)
# SW Build 1756540 on Mon Jan 23 19:11:23 MST 2017
# IP Build 1755317 on Mon Jan 23 20:30:07 MST 2017
# Start of session at: Thu Apr 06 23:28:49 2017
# Process ID: 4492
# Current directory: C:/Users/Raynara Lima/Documents/cap1/dmux4_16
# Command line: vivado.exe -gui_launcher_event rodinguilauncherevent5628 C:\Users\Raynara Lima\Documents\cap1\dmux4_16\dmux4_16.xpr
# Log file: C:/Users/Raynara Lima/Documents/cap1/dmux4_16/vivado.log
# Journal file: C:/Users/Raynara Lima/Documents/cap1/dmux4_16\vivado.jou
#-----------------------------------------------------------
start_gui
open_project {C:/Users/Raynara Lima/Documents/cap1/dmux4_16/dmux4_16.xpr}
Scanning sources...
Finished scanning sources
INFO: [IP_Flow 19-234] Refreshing IP repositories
INFO: [IP_Flow 19-1704] No user IP repositories specified
INFO: [IP_Flow 19-2313] Loaded Vivado IP repository 'C:/Xilinx/Vivado/2016.4/data/ip'.
open_project: Time (s): cpu = 00:00:20 ; elapsed = 00:00:10 . Memory (MB): peak = 747.547 ; gain = 105.891
close_project
close_project: Time (s): cpu = 00:00:01 ; elapsed = 00:00:11 . Memory (MB): peak = 752.156 ; gain = 0.000
open_project {C:/Users/Raynara Lima/Documents/cap1/dmux1_4/dmux1_4.xpr}
Scanning sources...
Finished scanning sources
INFO: [IP_Flow 19-234] Refreshing IP repositories
INFO: [IP_Flow 19-1704] No user IP repositories specified
INFO: [IP_Flow 19-2313] Loaded Vivado IP repository 'C:/Xilinx/Vivado/2016.4/data/ip'.
open_project: Time (s): cpu = 00:00:10 ; elapsed = 00:00:07 . Memory (MB): peak = 752.156 ; gain = 0.000
exit
INFO: [Common 17-206] Exiting Vivado at Thu Apr 06 23:37:26 2017...
