Vivado Simulator 2016.4
Copyright 1986-1999, 2001-2016 Xilinx, Inc. All Rights Reserved.
Running: C:/Xilinx/Vivado/2016.4/bin/unwrapped/win64.o/xelab.exe -wto 57d7f70531c74d32a01348af469c3c2f --debug typical --relax --mt 2 --maxdelay -L xil_defaultlib -L simprims_ver -L secureip --snapshot st_mux8_16_time_synth -transport_int_delays -pulse_r 0 -pulse_int_r 0 -pulse_e 0 -pulse_int_e 0 xil_defaultlib.st_mux8_16 xil_defaultlib.glbl -log elaborate.log 
Using 2 slave threads.
Starting static elaboration
Completed static elaboration
Starting simulation data flow analysis
Completed simulation data flow analysis
INFO: [XSIM 43-3451] SDF backannotation process started with SDF file "st_mux8_16_time_synth.sdf", for root module "st_mux8_16/Dut".
INFO: [XSIM 43-3452] SDF backannotation was successful for SDF file "st_mux8_16_time_synth.sdf", for root module "st_mux8_16/Dut".
Time Resolution for simulation is 1ps
Compiling package std.standard
Compiling package std.textio
Compiling package ieee.std_logic_1164
Compiling package ieee.numeric_std
Compiling package vl.vl_types
Compiling module xil_defaultlib.glbl
Compiling module simprims_ver.IBUF
Compiling module simprims_ver.OBUF
Compiling module simprims_ver.MUXF7
Compiling module simprims_ver.LUT6
Compiling module xil_defaultlib.mux8_16
Compiling architecture behavioral of entity xil_defaultlib.st_mux8_16
Built simulation snapshot st_mux8_16_time_synth
