#-----------------------------------------------------------
# Vivado v2016.4 (64-bit)
# SW Build 1756540 on Mon Jan 23 19:11:23 MST 2017
# IP Build 1755317 on Mon Jan 23 20:30:07 MST 2017
# Start of session at: Thu Apr 06 18:51:05 2017
# Process ID: 5704
# Current directory: C:/Users/Raynara Lima/Documents/cap1/nand_GATE
# Command line: vivado.exe -gui_launcher_event rodinguilauncherevent4812 C:\Users\Raynara Lima\Documents\cap1\nand_GATE\nand_GATE.xpr
# Log file: C:/Users/Raynara Lima/Documents/cap1/nand_GATE/vivado.log
# Journal file: C:/Users/Raynara Lima/Documents/cap1/nand_GATE\vivado.jou
#-----------------------------------------------------------
start_gui
open_project {C:/Users/Raynara Lima/Documents/cap1/nand_GATE/nand_GATE.xpr}
Scanning sources...
Finished scanning sources
INFO: [IP_Flow 19-234] Refreshing IP repositories
INFO: [IP_Flow 19-1704] No user IP repositories specified
INFO: [IP_Flow 19-2313] Loaded Vivado IP repository 'C:/Xilinx/Vivado/2016.4/data/ip'.
open_project: Time (s): cpu = 00:00:19 ; elapsed = 00:00:09 . Memory (MB): peak = 768.914 ; gain = 124.023
exit
INFO: [Common 17-206] Exiting Vivado at Thu Apr 06 18:51:58 2017...
