#-----------------------------------------------------------
# Vivado v2016.4 (64-bit)
# SW Build 1756540 on Mon Jan 23 19:11:23 MST 2017
# IP Build 1755317 on Mon Jan 23 20:30:07 MST 2017
# Start of session at: Tue Apr 18 22:04:30 2017
# Process ID: 1560
# Current directory: C:/Users/Raynara Lima/Documents/Capitulo 2/ULA
# Command line: vivado.exe -gui_launcher_event rodinguilauncherevent4904 C:\Users\Raynara Lima\Documents\Capitulo 2\ULA\ULA.xpr
# Log file: C:/Users/Raynara Lima/Documents/Capitulo 2/ULA/vivado.log
# Journal file: C:/Users/Raynara Lima/Documents/Capitulo 2/ULA\vivado.jou
#-----------------------------------------------------------
start_gui
open_project {C:/Users/Raynara Lima/Documents/Capitulo 2/ULA/ULA.xpr}
Scanning sources...
Finished scanning sources
INFO: [IP_Flow 19-234] Refreshing IP repositories
INFO: [IP_Flow 19-1704] No user IP repositories specified
INFO: [IP_Flow 19-2313] Loaded Vivado IP repository 'C:/Xilinx/Vivado/2016.4/data/ip'.
open_project: Time (s): cpu = 00:00:22 ; elapsed = 00:00:11 . Memory (MB): peak = 742.816 ; gain = 98.063
exit
INFO: [Common 17-206] Exiting Vivado at Tue Apr 18 22:11:42 2017...
