#-----------------------------------------------------------
# Vivado v2016.4 (64-bit)
# SW Build 1756540 on Mon Jan 23 19:11:23 MST 2017
# IP Build 1755317 on Mon Jan 23 20:30:07 MST 2017
# Start of session at: Fri Apr 07 08:28:34 2017
# Process ID: 2524
# Current directory: C:/Users/Raynara Lima/Documents/Capitulo 1/mux4_16
# Command line: vivado.exe -gui_launcher_event rodinguilauncherevent1760 C:\Users\Raynara Lima\Documents\Capitulo 1\mux4_16\mux4_16.xpr
# Log file: C:/Users/Raynara Lima/Documents/Capitulo 1/mux4_16/vivado.log
# Journal file: C:/Users/Raynara Lima/Documents/Capitulo 1/mux4_16\vivado.jou
#-----------------------------------------------------------
start_gui
open_project {C:/Users/Raynara Lima/Documents/Capitulo 1/mux4_16/mux4_16.xpr}
INFO: [Project 1-313] Project file moved from 'C:/Users/Raynara Lima/Documents/cap1/mux4_16' since last save.
Scanning sources...
Finished scanning sources
INFO: [IP_Flow 19-234] Refreshing IP repositories
INFO: [IP_Flow 19-1704] No user IP repositories specified
INFO: [IP_Flow 19-2313] Loaded Vivado IP repository 'C:/Xilinx/Vivado/2016.4/data/ip'.
open_project: Time (s): cpu = 00:00:21 ; elapsed = 00:00:12 . Memory (MB): peak = 781.738 ; gain = 134.789
launch_simulation
INFO: [SIM-utils-51] Simulation object is 'sim_1'
INFO: [USF-XSim-37] Inspecting design source files for 'st_mux4_16' in fileset 'sim_1'...
INFO: [USF-XSim-97] Finding global include files...
INFO: [USF-XSim-98] Fetching design files from 'sim_1'...
INFO: [USF-XSim-2] XSim::Compile design
INFO: [USF-XSim-61] Executing 'COMPILE and ANALYZE' step in 'C:/Users/Raynara Lima/Documents/Capitulo 1/mux4_16/mux4_16.sim/sim_1/behav'
"xvhdl -m64 --relax -prj st_mux4_16_vhdl.prj"
INFO: [VRFC 10-163] Analyzing VHDL file "C:/Users/Raynara Lima/Documents/Capitulo 1/mux4_16/mux4_16.srcs/sources_1/new/mux4_16.vhd" into library xil_defaultlib
INFO: [VRFC 10-307] analyzing entity mux4_16
INFO: [VRFC 10-163] Analyzing VHDL file "C:/Users/Raynara Lima/Documents/Capitulo 1/mux4_16/mux4_16.srcs/sim_1/new/st_mux4_16.vhd" into library xil_defaultlib
INFO: [VRFC 10-307] analyzing entity st_mux4_16
INFO: [USF-XSim-69] 'compile' step finished in '2' seconds
INFO: [USF-XSim-3] XSim::Elaborate design
INFO: [USF-XSim-61] Executing 'ELABORATE' step in 'C:/Users/Raynara Lima/Documents/Capitulo 1/mux4_16/mux4_16.sim/sim_1/behav'
Vivado Simulator 2016.4
Copyright 1986-1999, 2001-2016 Xilinx, Inc. All Rights Reserved.
Running: C:/Xilinx/Vivado/2016.4/bin/unwrapped/win64.o/xelab.exe -wto 613deb511f8c41b68019e79188920f48 --debug typical --relax --mt 2 -L xil_defaultlib -L secureip --snapshot st_mux4_16_behav xil_defaultlib.st_mux4_16 -log elaborate.log 
Using 2 slave threads.
Starting static elaboration
Completed static elaboration
Starting simulation data flow analysis
Completed simulation data flow analysis
Time Resolution for simulation is 1ps
Compiling package std.standard
Compiling package std.textio
Compiling package ieee.std_logic_1164
Compiling package ieee.numeric_std
Compiling architecture behavioral of entity xil_defaultlib.mux4_16 [mux4_16_default]
Compiling architecture behavioral of entity xil_defaultlib.st_mux4_16
Built simulation snapshot st_mux4_16_behav

****** Webtalk v2016.4 (64-bit)
  **** SW Build 1756540 on Mon Jan 23 19:11:23 MST 2017
  **** IP Build 1755317 on Mon Jan 23 20:30:07 MST 2017
    ** Copyright 1986-2016 Xilinx, Inc. All Rights Reserved.

source C:/Users/Raynara -notrace
couldn't read file "C:/Users/Raynara": permission denied
INFO: [Common 17-206] Exiting Webtalk at Fri Apr 07 08:29:59 2017...
run_program: Time (s): cpu = 00:00:02 ; elapsed = 00:00:09 . Memory (MB): peak = 786.918 ; gain = 0.000
INFO: [USF-XSim-69] 'elaborate' step finished in '9' seconds
INFO: [USF-XSim-4] XSim::Simulate design
INFO: [USF-XSim-61] Executing 'SIMULATE' step in 'C:/Users/Raynara Lima/Documents/Capitulo 1/mux4_16/mux4_16.sim/sim_1/behav'
INFO: [USF-XSim-98] *** Running xsim
   with args "st_mux4_16_behav -key {Behavioral:sim_1:Functional:st_mux4_16} -tclbatch {st_mux4_16.tcl} -log {simulate.log}"
INFO: [USF-XSim-8] Loading simulator feature
Vivado Simulator 2016.4
Time resolution is 1 ps
source st_mux4_16.tcl
# set curr_wave [current_wave_config]
# if { [string length $curr_wave] == 0 } {
#   if { [llength [get_objects]] > 0} {
#     add_wave /
#     set_property needs_save false [current_wave_config]
#   } else {
#      send_msg_id Add_Wave-1 WARNING "No top level signals found. Simulator will start without a wave window. If you want to open a wave window go to 'File->New Waveform Configuration' or type 'create_wave_config' in the TCL console."
#   }
# }
# run 1000ns
INFO: [USF-XSim-96] XSim completed. Design snapshot 'st_mux4_16_behav' loaded.
INFO: [USF-XSim-97] XSim simulation ran for 1000ns
launch_simulation: Time (s): cpu = 00:00:16 ; elapsed = 00:00:17 . Memory (MB): peak = 786.918 ; gain = 0.000
close_sim
INFO: [Simtcl 6-16] Simulation closed
close_sim: Time (s): cpu = 00:00:05 ; elapsed = 00:00:05 . Memory (MB): peak = 806.902 ; gain = 0.000
exit
INFO: [Common 17-206] Exiting Vivado at Fri Apr 07 08:33:21 2017...
