#-----------------------------------------------------------
# Vivado v2016.4 (64-bit)
# SW Build 1756540 on Mon Jan 23 19:11:23 MST 2017
# IP Build 1755317 on Mon Jan 23 20:30:07 MST 2017
# Start of session at: Thu Apr 06 23:38:15 2017
# Process ID: 1472
# Current directory: C:/Users/Raynara Lima/Documents/cap1/dmux1_2
# Command line: vivado.exe -gui_launcher_event rodinguilauncherevent4752 C:\Users\Raynara Lima\Documents\cap1\dmux1_2\dmux1_2.xpr
# Log file: C:/Users/Raynara Lima/Documents/cap1/dmux1_2/vivado.log
# Journal file: C:/Users/Raynara Lima/Documents/cap1/dmux1_2\vivado.jou
#-----------------------------------------------------------
start_gui
open_project {C:/Users/Raynara Lima/Documents/cap1/dmux1_2/dmux1_2.xpr}
Scanning sources...
Finished scanning sources
INFO: [IP_Flow 19-234] Refreshing IP repositories
INFO: [IP_Flow 19-1704] No user IP repositories specified
INFO: [IP_Flow 19-2313] Loaded Vivado IP repository 'C:/Xilinx/Vivado/2016.4/data/ip'.
open_project: Time (s): cpu = 00:00:20 ; elapsed = 00:00:11 . Memory (MB): peak = 749.566 ; gain = 95.602
launch_simulation
INFO: [SIM-utils-51] Simulation object is 'sim_1'
INFO: [USF-XSim-37] Inspecting design source files for 'st_dmux1_2' in fileset 'sim_1'...
INFO: [USF-XSim-97] Finding global include files...
INFO: [USF-XSim-98] Fetching design files from 'sim_1'...
INFO: [USF-XSim-2] XSim::Compile design
INFO: [USF-XSim-61] Executing 'COMPILE and ANALYZE' step in 'C:/Users/Raynara Lima/Documents/cap1/dmux1_2/dmux1_2.sim/sim_1/behav'
"xvhdl -m64 --relax -prj st_dmux1_2_vhdl.prj"
INFO: [VRFC 10-163] Analyzing VHDL file "C:/Users/Raynara Lima/Documents/cap1/dmux1_2/dmux1_2.srcs/sources_1/new/dmux1_2.vhd" into library xil_defaultlib
INFO: [VRFC 10-307] analyzing entity dmux1_2
INFO: [VRFC 10-163] Analyzing VHDL file "C:/Users/Raynara Lima/Documents/cap1/dmux1_2/dmux1_2.srcs/sim_1/new/st_dmux1_2.vhd" into library xil_defaultlib
INFO: [VRFC 10-307] analyzing entity st_dmux1_2
INFO: [USF-XSim-69] 'compile' step finished in '2' seconds
INFO: [USF-XSim-3] XSim::Elaborate design
INFO: [USF-XSim-61] Executing 'ELABORATE' step in 'C:/Users/Raynara Lima/Documents/cap1/dmux1_2/dmux1_2.sim/sim_1/behav'
Vivado Simulator 2016.4
Copyright 1986-1999, 2001-2016 Xilinx, Inc. All Rights Reserved.
Running: C:/Xilinx/Vivado/2016.4/bin/unwrapped/win64.o/xelab.exe -wto bb3f963fd4ca41a5afc228e5e4d407ba --debug typical --relax --mt 2 -L xil_defaultlib -L secureip --snapshot st_dmux1_2_behav xil_defaultlib.st_dmux1_2 -log elaborate.log 
Using 2 slave threads.
Starting static elaboration
Completed static elaboration
Starting simulation data flow analysis
Completed simulation data flow analysis
Time Resolution for simulation is 1ps
Compiling package std.standard
Compiling package std.textio
Compiling package ieee.std_logic_1164
Compiling package ieee.numeric_std
Compiling architecture behavioral of entity xil_defaultlib.dmux1_2 [dmux1_2_default]
Compiling architecture behavioral of entity xil_defaultlib.st_dmux1_2
Built simulation snapshot st_dmux1_2_behav

****** Webtalk v2016.4 (64-bit)
  **** SW Build 1756540 on Mon Jan 23 19:11:23 MST 2017
  **** IP Build 1755317 on Mon Jan 23 20:30:07 MST 2017
    ** Copyright 1986-2016 Xilinx, Inc. All Rights Reserved.

source C:/Users/Raynara -notrace
couldn't read file "C:/Users/Raynara": permission denied
INFO: [Common 17-206] Exiting Webtalk at Thu Apr 06 23:46:30 2017...
INFO: [USF-XSim-69] 'elaborate' step finished in '5' seconds
INFO: [USF-XSim-4] XSim::Simulate design
INFO: [USF-XSim-61] Executing 'SIMULATE' step in 'C:/Users/Raynara Lima/Documents/cap1/dmux1_2/dmux1_2.sim/sim_1/behav'
INFO: [USF-XSim-98] *** Running xsim
   with args "st_dmux1_2_behav -key {Behavioral:sim_1:Functional:st_dmux1_2} -tclbatch {st_dmux1_2.tcl} -log {simulate.log}"
INFO: [USF-XSim-8] Loading simulator feature
Vivado Simulator 2016.4
Time resolution is 1 ps
source st_dmux1_2.tcl
# set curr_wave [current_wave_config]
# if { [string length $curr_wave] == 0 } {
#   if { [llength [get_objects]] > 0} {
#     add_wave /
#     set_property needs_save false [current_wave_config]
#   } else {
#      send_msg_id Add_Wave-1 WARNING "No top level signals found. Simulator will start without a wave window. If you want to open a wave window go to 'File->New Waveform Configuration' or type 'create_wave_config' in the TCL console."
#   }
# }
# run 400ns
INFO: [USF-XSim-96] XSim completed. Design snapshot 'st_dmux1_2_behav' loaded.
INFO: [USF-XSim-97] XSim simulation ran for 400ns
launch_simulation: Time (s): cpu = 00:00:08 ; elapsed = 00:00:11 . Memory (MB): peak = 806.707 ; gain = 0.000
close_sim
INFO: [Simtcl 6-16] Simulation closed
close_sim: Time (s): cpu = 00:00:04 ; elapsed = 00:00:06 . Memory (MB): peak = 821.922 ; gain = 0.000
close_project
close_project: Time (s): cpu = 00:00:01 ; elapsed = 00:00:11 . Memory (MB): peak = 821.922 ; gain = 0.000
open_project {C:/Users/Raynara Lima/Documents/cap1/mux8_16/mux8_16.xpr}
Scanning sources...
Finished scanning sources
INFO: [IP_Flow 19-234] Refreshing IP repositories
INFO: [IP_Flow 19-1704] No user IP repositories specified
INFO: [IP_Flow 19-2313] Loaded Vivado IP repository 'C:/Xilinx/Vivado/2016.4/data/ip'.
open_project: Time (s): cpu = 00:00:09 ; elapsed = 00:00:06 . Memory (MB): peak = 821.922 ; gain = 0.000
exit
INFO: [Common 17-206] Exiting Vivado at Fri Apr 07 00:21:10 2017...
