#-----------------------------------------------------------
# Vivado v2016.4 (64-bit)
# SW Build 1756540 on Mon Jan 23 19:11:23 MST 2017
# IP Build 1755317 on Mon Jan 23 20:30:07 MST 2017
# Start of session at: Mon May 15 09:20:22 2017
# Process ID: 6056
# Current directory: C:/Users/Raynara Lima/Documents/Capitulo 1/mux8_16
# Command line: vivado.exe -gui_launcher_event rodinguilauncherevent1744 C:\Users\Raynara Lima\Documents\Capitulo 1\mux8_16\mux8_16.xpr
# Log file: C:/Users/Raynara Lima/Documents/Capitulo 1/mux8_16/vivado.log
# Journal file: C:/Users/Raynara Lima/Documents/Capitulo 1/mux8_16\vivado.jou
#-----------------------------------------------------------
start_gui
open_project {C:/Users/Raynara Lima/Documents/Capitulo 1/mux8_16/mux8_16.xpr}
Scanning sources...
Finished scanning sources
INFO: [IP_Flow 19-234] Refreshing IP repositories
INFO: [IP_Flow 19-1704] No user IP repositories specified
INFO: [IP_Flow 19-2313] Loaded Vivado IP repository 'C:/Xilinx/Vivado/2016.4/data/ip'.
open_project: Time (s): cpu = 00:00:31 ; elapsed = 00:00:23 . Memory (MB): peak = 773.926 ; gain = 131.305
exit
INFO: [Common 17-206] Exiting Vivado at Mon May 15 09:31:59 2017...
