Unable to capture context for thread 5800 in process 6040, can not generate back trace
Unable to capture context for thread 3164 in process 6040, can not generate back trace
Exception at PC 0x00007FFBD8C58A5C
Unable to capture context for thread 1528 in process 6040, can not generate back trace
Unable to capture context for thread 1528 in process 6040, can not generate back trace
Exception at PC 0x00007FFB7A54BB93
Printing stacktrace...

Exception at PC 0x00007FFBD8C58A5C
Exception at PC 0x00007FFBD8C58A5C
Exception at PC 0x00007FFBD8C58A5C
Exception at PC 0x00007FFBD8C58A5C
Exception at PC 0x00007FFBD8C58A5C
Exception at PC 0x00007FFBD8C58A5C
Exception at PC 0x00007FFBD8C58A5C
Exception at PC 0x00007FFBD8C58A5C
Exception at PC 0x00007FFBD8C58A5C
Exception at PC 0x00007FFBD8C58A5C
Exception at PC 0x00007FFBD8C58A5C
Exception at PC 0x00007FFBD8C58A5C
Exception at PC 0x00007FFBD8C58A5C
Exception at PC 0x00007FFBD8C58A5C
Exception at PC 0x00007FFBD8C58A5C
Exception at PC 0x00007FFBD8C58A5C
Exception at PC 0x00007FFBD8C58A5C
[0]  [0x00007FFB7A54BB93]
[1]  [0x00007FFB7A54BB93]
[2]  [0x00007FFB7A54B4A1]
[3]  [0x00007FFB7A54B3EF]
[4]  [0x00007FFB7A5319FE]
[5]  [0x00007FFB7A530ED1]
[6]  [0x00007FFB7A530D76]
[7]  [0x00007FFB7A4D79F6]
[8]  [0x00007FFB7A4C7AFB]
[9]  [0x00007FFB7A5EE90A]
[10]  [0x00007FFB7A609F87]
[11]  [0x00007FFB7A60A05F]
[12] (BaseThreadInitThunk+0x22) [0x00007FFBD90413D2]
[13] (RtlUserThreadStart+0x34) [0x00007FFBDB8354E4]
Done
