Unable to capture context for thread 6660 in process 7768, can not generate back trace
Exception at PC 0x00007FF97E6F8A5C
Unable to capture context for thread 7388 in process 7768, can not generate back trace
Unable to capture context for thread 1240 in process 7768, can not generate back trace
Exception at PC 0x00007FF91C85BB93
Printing stacktrace...

Unable to capture context for thread 7388 in process 7768, can not generate back trace
Unable to capture context for thread 1240 in process 7768, can not generate back trace
Exception at PC 0x00007FF97E6F8A5C
Exception at PC 0x00007FF97E6F8A5C
Exception at PC 0x00007FF97E6F8A5C
Exception at PC 0x00007FF97E6F8A5C
Exception at PC 0x00007FF97E6F8A5C
Exception at PC 0x00007FF97E6F8A5C
Exception at PC 0x00007FF97E6F8A5C
Exception at PC 0x00007FF97E6F8A5C
Exception at PC 0x00007FF97E6F8A5C
Exception at PC 0x00007FF97E6F8A5C
Exception at PC 0x00007FF97E6F8A5C
Exception at PC 0x00007FF97E6F8A5C
Exception at PC 0x00007FF97E6F8A5C
Exception at PC 0x00007FF97E6F8A5C
Exception at PC 0x00007FF97E6F8A5C
Exception at PC 0x00007FF97E6F8A5C
Exception at PC 0x00007FF97E6F8A5C
[0]  [0x00007FF91C85BB93]
[1]  [0x00007FF91C85BB93]
[2]  [0x00007FF91C85B4A1]
[3]  [0x00007FF91C85B3EF]
[4]  [0x00007FF91C8419FE]
[5]  [0x00007FF91C840ED1]
[6]  [0x00007FF91C840D76]
[7]  [0x00007FF91C7E79F6]
[8]  [0x00007FF91C7D7AFB]
[9]  [0x00007FF91C8FE90A]
[10]  [0x00007FF91C919F87]
[11]  [0x00007FF91C91A05F]
[12] (BaseThreadInitThunk+0x22) [0x00007FF9807D13D2]
[13] (RtlUserThreadStart+0x34) [0x00007FF9812B54E4]
Done
