#-----------------------------------------------------------
# Vivado v2016.4 (64-bit)
# SW Build 1756540 on Mon Jan 23 19:11:23 MST 2017
# IP Build 1755317 on Mon Jan 23 20:30:07 MST 2017
# Start of session at: Wed Apr 05 19:24:58 2017
# Process ID: 1336
# Current directory: C:/Users/Raynara Lima/Documents/cap1/mux2_1
# Command line: vivado.exe -gui_launcher_event rodinguilauncherevent4232 C:\Users\Raynara Lima\Documents\cap1\mux2_1\mux2_1.xpr
# Log file: C:/Users/Raynara Lima/Documents/cap1/mux2_1/vivado.log
# Journal file: C:/Users/Raynara Lima/Documents/cap1/mux2_1\vivado.jou
#-----------------------------------------------------------
start_gui
open_project {C:/Users/Raynara Lima/Documents/cap1/mux2_1/mux2_1.xpr}
Scanning sources...
Finished scanning sources
INFO: [IP_Flow 19-234] Refreshing IP repositories
INFO: [IP_Flow 19-1704] No user IP repositories specified
INFO: [IP_Flow 19-2313] Loaded Vivado IP repository 'C:/Xilinx/Vivado/2016.4/data/ip'.
open_project: Time (s): cpu = 00:00:28 ; elapsed = 00:00:16 . Memory (MB): peak = 788.488 ; gain = 137.426
exit
INFO: [Common 17-206] Exiting Vivado at Wed Apr 05 19:26:22 2017...
