#-----------------------------------------------------------
# Vivado v2016.4 (64-bit)
# SW Build 1756540 on Mon Jan 23 19:11:23 MST 2017
# IP Build 1755317 on Mon Jan 23 20:30:07 MST 2017
# Start of session at: Thu Apr 06 21:24:45 2017
# Process ID: 2340
# Current directory: C:/Users/Raynara Lima/Documents/cap1/mux16
# Command line: vivado.exe -gui_launcher_event rodinguilauncherevent5176 C:\Users\Raynara Lima\Documents\cap1\mux16\mux16.xpr
# Log file: C:/Users/Raynara Lima/Documents/cap1/mux16/vivado.log
# Journal file: C:/Users/Raynara Lima/Documents/cap1/mux16\vivado.jou
#-----------------------------------------------------------
start_gui
open_project {C:/Users/Raynara Lima/Documents/cap1/mux16/mux16.xpr}
Scanning sources...
Finished scanning sources
INFO: [IP_Flow 19-234] Refreshing IP repositories
INFO: [IP_Flow 19-1704] No user IP repositories specified
INFO: [IP_Flow 19-2313] Loaded Vivado IP repository 'C:/Xilinx/Vivado/2016.4/data/ip'.
open_project: Time (s): cpu = 00:00:27 ; elapsed = 00:00:13 . Memory (MB): peak = 800.496 ; gain = 146.105
exit
INFO: [Common 17-206] Exiting Vivado at Thu Apr 06 21:48:47 2017...
