#-----------------------------------------------------------
# Vivado v2016.4 (64-bit)
# SW Build 1756540 on Mon Jan 23 19:11:23 MST 2017
# IP Build 1755317 on Mon Jan 23 20:30:07 MST 2017
# Start of session at: Mon May 15 09:12:23 2017
# Process ID: 2180
# Current directory: C:/Users/Raynara Lima/Documents/Capitulo 1/mux16
# Command line: vivado.exe -gui_launcher_event rodinguilauncherevent3520 C:\Users\Raynara Lima\Documents\Capitulo 1\mux16\mux16.xpr
# Log file: C:/Users/Raynara Lima/Documents/Capitulo 1/mux16/vivado.log
# Journal file: C:/Users/Raynara Lima/Documents/Capitulo 1/mux16\vivado.jou
#-----------------------------------------------------------
start_gui
open_project {C:/Users/Raynara Lima/Documents/Capitulo 1/mux16/mux16.xpr}
INFO: [Project 1-313] Project file moved from 'C:/Users/Raynara Lima/Documents/cap1/mux16' since last save.
Scanning sources...
Finished scanning sources
INFO: [IP_Flow 19-234] Refreshing IP repositories
INFO: [IP_Flow 19-1704] No user IP repositories specified
INFO: [IP_Flow 19-2313] Loaded Vivado IP repository 'C:/Xilinx/Vivado/2016.4/data/ip'.
open_project: Time (s): cpu = 00:00:21 ; elapsed = 00:00:12 . Memory (MB): peak = 752.512 ; gain = 96.480
exit
INFO: [Common 17-206] Exiting Vivado at Mon May 15 09:15:48 2017...
