#-----------------------------------------------------------
# Vivado v2016.4 (64-bit)
# SW Build 1756540 on Mon Jan 23 19:11:23 MST 2017
# IP Build 1755317 on Mon Jan 23 20:30:07 MST 2017
# Start of session at: Wed Apr 05 17:10:28 2017
# Process ID: 4232
# Current directory: C:/Users/Raynara Lima/Documents/cap1/and_Gate
# Command line: vivado.exe -gui_launcher_event rodinguilauncherevent6928 C:\Users\Raynara Lima\Documents\cap1\and_Gate\and_Gate.xpr
# Log file: C:/Users/Raynara Lima/Documents/cap1/and_Gate/vivado.log
# Journal file: C:/Users/Raynara Lima/Documents/cap1/and_Gate\vivado.jou
#-----------------------------------------------------------
start_gui
open_project {C:/Users/Raynara Lima/Documents/cap1/and_Gate/and_Gate.xpr}
Scanning sources...
Finished scanning sources
INFO: [IP_Flow 19-234] Refreshing IP repositories
INFO: [IP_Flow 19-1704] No user IP repositories specified
INFO: [IP_Flow 19-2313] Loaded Vivado IP repository 'C:/Xilinx/Vivado/2016.4/data/ip'.
open_project: Time (s): cpu = 00:00:25 ; elapsed = 00:00:11 . Memory (MB): peak = 790.805 ; gain = 137.742
exit
INFO: [Common 17-206] Exiting Vivado at Wed Apr 05 17:26:48 2017...
