#-----------------------------------------------------------
# Vivado v2016.4 (64-bit)
# SW Build 1756540 on Mon Jan 23 19:11:23 MST 2017
# IP Build 1755317 on Mon Jan 23 20:30:07 MST 2017
# Start of session at: Thu Apr 06 18:31:24 2017
# Process ID: 2232
# Current directory: C:/Users/Raynara Lima/Documents/cap1/nor_GATE
# Command line: vivado.exe -gui_launcher_event rodinguilauncherevent264 C:\Users\Raynara Lima\Documents\cap1\nor_GATE\nor_GATE.xpr
# Log file: C:/Users/Raynara Lima/Documents/cap1/nor_GATE/vivado.log
# Journal file: C:/Users/Raynara Lima/Documents/cap1/nor_GATE\vivado.jou
#-----------------------------------------------------------
start_gui
open_project {C:/Users/Raynara Lima/Documents/cap1/nor_GATE/nor_GATE.xpr}
Scanning sources...
Finished scanning sources
INFO: [IP_Flow 19-234] Refreshing IP repositories
INFO: [IP_Flow 19-1704] No user IP repositories specified
INFO: [IP_Flow 19-2313] Loaded Vivado IP repository 'C:/Xilinx/Vivado/2016.4/data/ip'.
open_project: Time (s): cpu = 00:00:20 ; elapsed = 00:00:10 . Memory (MB): peak = 741.387 ; gain = 105.328
exit
INFO: [Common 17-206] Exiting Vivado at Thu Apr 06 18:32:37 2017...
