#-----------------------------------------------------------
# Vivado v2016.4 (64-bit)
# SW Build 1756540 on Mon Jan 23 19:11:23 MST 2017
# IP Build 1755317 on Mon Jan 23 20:30:07 MST 2017
# Start of session at: Mon May 15 10:24:17 2017
# Process ID: 3892
# Current directory: E:/Sistemas Digitais/Cap 3/Register
# Command line: vivado.exe -gui_launcher_event rodinguilauncherevent5972 E:\Sistemas Digitais\Cap 3\Register\Resister.xpr
# Log file: E:/Sistemas Digitais/Cap 3/Register/vivado.log
# Journal file: E:/Sistemas Digitais/Cap 3/Register\vivado.jou
#-----------------------------------------------------------
start_gui
open_project {E:/Sistemas Digitais/Cap 3/Register/Resister.xpr}
INFO: [Project 1-313] Project file moved from 'C:/Users/Felipe/Documents/VHDL - Sistemas Digitais/Cap 3/Resister' since last save.
Scanning sources...
Finished scanning sources
INFO: [IP_Flow 19-234] Refreshing IP repositories
INFO: [IP_Flow 19-1704] No user IP repositories specified
INFO: [IP_Flow 19-2313] Loaded Vivado IP repository 'C:/Xilinx/Vivado/2016.4/data/ip'.
open_project: Time (s): cpu = 00:00:31 ; elapsed = 00:00:14 . Memory (MB): peak = 774.992 ; gain = 125.016
exit
INFO: [Common 17-206] Exiting Vivado at Mon May 15 10:25:24 2017...
