Exception at PC 0x00007FFD37AABB93
Printing stacktrace...

Exception at PC 0x00007FFD8C298A5C
Exception at PC 0x00007FFD8C298A5C
Exception at PC 0x00007FFD8C298A5C
Exception at PC 0x00007FFD8C298A5C
Exception at PC 0x00007FFD8C298A5C
Exception at PC 0x00007FFD8C298A5C
Exception at PC 0x00007FFD8C298A5C
Exception at PC 0x00007FFD8C298A5C
Exception at PC 0x00007FFD8C298A5C
Exception at PC 0x00007FFD8C298A5C
Exception at PC 0x00007FFD8C298A5C
Exception at PC 0x00007FFD8C298A5C
Exception at PC 0x00007FFD8C298A5C
Exception at PC 0x00007FFD8C298A5C
Exception at PC 0x00007FFD8C298A5C
Exception at PC 0x00007FFD8C298A5C
Exception at PC 0x00007FFD8C298A5C
Exception at PC 0x00007FFD8C298A5C
[0]  [0x00007FFD37AABB93]
[1]  [0x00007FFD37AABB93]
[2]  [0x00007FFD37AAB4A1]
[3]  [0x00007FFD37AAB3EF]
[4]  [0x00007FFD37A919FE]
[5]  [0x00007FFD37A90ED1]
[6]  [0x00007FFD37A90D76]
[7]  [0x00007FFD37A379F6]
[8]  [0x00007FFD37A27AFB]
[9]  [0x00007FFD37B4E90A]
[10]  [0x00007FFD37B69F87]
[11]  [0x00007FFD37B6A05F]
[12] (BaseThreadInitThunk+0x22) [0x00007FFD8C8813D2]
[13] (RtlUserThreadStart+0x34) [0x00007FFD8ED454E4]
Done
