Vivado Simulator 2016.4
Copyright 1986-1999, 2001-2016 Xilinx, Inc. All Rights Reserved.
Running: C:/Xilinx/Vivado/2016.4/bin/unwrapped/win64.o/xelab.exe -wto 9ec1c10dc7ab4b3caabc5d310877014e --debug typical --relax --mt 2 -L work -L xil_defaultlib -L secureip --snapshot st_CPU_behav xil_defaultlib.st_CPU -log elaborate.log 
Using 2 slave threads.
Starting static elaboration
Completed static elaboration
Starting simulation data flow analysis
Completed simulation data flow analysis
Time Resolution for simulation is 1ps
Compiling package std.standard
Compiling package std.textio
Compiling package ieee.std_logic_1164
Compiling package ieee.numeric_std
Compiling architecture behavioral of entity work.mux2_16 [mux2_16_default]
Compiling architecture behavioral of entity work.Resister [resister_default]
Compiling architecture behavioral of entity work.ula [ula_default]
Compiling architecture behavioral of entity work.counter [counter_default]
Compiling architecture behavioral of entity xil_defaultlib.CPU [cpu_default]
Compiling architecture behavioral of entity xil_defaultlib.st_cpu
Built simulation snapshot st_CPU_behav
